# JRE version: Java(TM) SE Runtime Environment (24.0.2+12) (build 24.0.2+12-54)
# Java VM: Java HotSpot(TM) 64-Bit Server VM (24.0.2+12-54, mixed mode, sharing, tiered, compressed oops, compressed class ptrs, g1 gc, windows-amd64)
GC Precious Log:
 CardTable entry size: 512
 Card Set container configuration: InlinePtr #cards 5 size 8 Array Of Cards #cards 10 size 36 Howl #buckets 4 coarsen threshold 1843 Howl Bitmap #cards 512 size 80 coarsen threshold 460 Card regions per heap region 1 cards per card region 2048
 CPUs: 12 total, 12 available
 Memory: 5989M
 Large Page Support: Disabled
 NUMA Support: Disabled
 Compressed Oops: Enabled (32-bit)
 Heap Region Size: 1M
 Heap Min Capacity: 8M
 Heap Initial Capacity: 94M
 Heap Max Capacity: 1498M
 Pre-touch: Disabled
 Parallel Workers: 10
 Concurrent Workers: 3
 Concurrent Refinement Workers: 10
 Periodic GC: Disabled
Heap:
 garbage-first heap   total reserved 1533952K, committed 63488K, used 45664K [0x00000000a2600000, 0x0000000100000000)
  region size 1024K, 31 young (31744K), 2 survivors (2048K)
 Metaspace       used 31853K, committed 32256K, reserved 1114112K
  class space    used 3321K, committed 3520K, reserved 1048576K
GC Heap History (20 events):
Event: 7.879 GC heap before
{Heap before GC invocations=1 (full 0):
 garbage-first heap   total reserved 1533952K, committed 98304K, used 46836K [0x00000000a2600000, 0x0000000100000000)
  region size 1024K, 45 young (46080K), 3 survivors (3072K)
 Metaspace       used 10396K, committed 10624K, reserved 1114112K
  class space    used 1109K, committed 1216K, reserved 1048576K
}
Event: 7.893 GC heap after
{Heap after GC invocations=2 (full 0):
 garbage-first heap   total reserved 1533952K, committed 98304K, used 5236K [0x00000000a2600000, 0x0000000100000000)
  region size 1024K, 4 young (4096K), 4 survivors (4096K)
 Metaspace       used 10396K, committed 10624K, reserved 1114112K
  class space    used 1109K, committed 1216K, reserved 1048576K
}
Event: 9.271 GC heap before
{Heap before GC invocations=2 (full 0):
 garbage-first heap   total reserved 1533952K, committed 98304K, used 58484K [0x00000000a2600000, 0x0000000100000000)
  region size 1024K, 56 young (57344K), 4 survivors (4096K)
 Metaspace       used 14073K, committed 14400K, reserved 1114112K
  class space    used 1454K, committed 1600K, reserved 1048576K
}
Event: 9.285 GC heap after
{Heap after GC invocations=3 (full 0):
 garbage-first heap   total reserved 1533952K, committed 98304K, used 7527K [0x00000000a2600000, 0x0000000100000000)
  region size 1024K, 4 young (4096K), 4 survivors (4096K)
 Metaspace       used 14073K, committed 14400K, reserved 1114112K
  class space    used 1454K, committed 1600K, reserved 1048576K
}
Event: 11.085 GC heap before
{Heap before GC invocations=3 (full 0):
 garbage-first heap   total reserved 1533952K, committed 98304K, used 60775K [0x00000000a2600000, 0x0000000100000000)
  region size 1024K, 56 young (57344K), 4 survivors (4096K)
 Metaspace       used 21082K, committed 21440K, reserved 1114112K
  class space    used 2083K, committed 2240K, reserved 1048576K
}
Event: 11.106 GC heap after
{Heap after GC invocations=4 (full 0):
 garbage-first heap   total reserved 1533952K, committed 98304K, used 10775K [0x00000000a2600000, 0x0000000100000000)
  region size 1024K, 7 young (7168K), 7 survivors (7168K)
 Metaspace       used 21082K, committed 21440K, reserved 1114112K
  class space    used 2083K, committed 2240K, reserved 1048576K
}
Event: 11.229 GC heap before
{Heap before GC invocations=4 (full 0):
 garbage-first heap   total reserved 1533952K, committed 98304K, used 60951K [0x00000000a2600000, 0x0000000100000000)
  region size 1024K, 56 young (57344K), 7 survivors (7168K)
 Metaspace       used 21106K, committed 21440K, reserved 1114112K
  class space    used 2083K, committed 2240K, reserved 1048576K
}
Event: 11.250 GC heap after
{Heap after GC invocations=5 (full 0):
 garbage-first heap   total reserved 1533952K, committed 98304K, used 11380K [0x00000000a2600000, 0x0000000100000000)
  region size 1024K, 1 young (1024K), 1 survivors (1024K)
 Metaspace       used 21106K, committed 21440K, reserved 1114112K
  class space    used 2083K, committed 2240K, reserved 1048576K
}
Event: 11.306 GC heap before
{Heap before GC invocations=5 (full 0):
 garbage-first heap   total reserved 1533952K, committed 98304K, used 19572K [0x00000000a2600000, 0x0000000100000000)
  region size 1024K, 10 young (10240K), 1 survivors (1024K)
 Metaspace       used 21239K, committed 21504K, reserved 1114112K
  class space    used 2096K, committed 2240K, reserved 1048576K
}
Event: 11.308 GC heap after
{Heap after GC invocations=6 (full 0):
 garbage-first heap   total reserved 1533952K, committed 98304K, used 10646K [0x00000000a2600000, 0x0000000100000000)
  region size 1024K, 1 young (1024K), 1 survivors (1024K)
 Metaspace       used 21239K, committed 21504K, reserved 1114112K
  class space    used 2096K, committed 2240K, reserved 1048576K
}
Event: 11.978 GC heap before
{Heap before GC invocations=7 (full 0):
 garbage-first heap   total reserved 1533952K, committed 40960K, used 39318K [0x00000000a2600000, 0x0000000100000000)
  region size 1024K, 29 young (29696K), 1 survivors (1024K)
 Metaspace       used 24277K, committed 24704K, reserved 1114112K
  class space    used 2424K, committed 2624K, reserved 1048576K
}
Event: 11.986 GC heap after
{Heap after GC invocations=8 (full 0):
 garbage-first heap   total reserved 1533952K, committed 43008K, used 11785K [0x00000000a2600000, 0x0000000100000000)
  region size 1024K, 2 young (2048K), 2 survivors (2048K)
 Metaspace       used 24277K, committed 24704K, reserved 1114112K
  class space    used 2424K, committed 2624K, reserved 1048576K
}
Event: 12.383 GC heap before
{Heap before GC invocations=8 (full 0):
 garbage-first heap   total reserved 1533952K, committed 43008K, used 35337K [0x00000000a2600000, 0x0000000100000000)
  region size 1024K, 25 young (25600K), 2 survivors (2048K)
 Metaspace       used 25155K, committed 25536K, reserved 1114112K
  class space    used 2512K, committed 2688K, reserved 1048576K
}
Event: 12.391 GC heap after
{Heap after GC invocations=9 (full 0):
 garbage-first heap   total reserved 1533952K, committed 43008K, used 13903K [0x00000000a2600000, 0x0000000100000000)
  region size 1024K, 4 young (4096K), 4 survivors (4096K)
 Metaspace       used 25155K, committed 25536K, reserved 1114112K
  class space    used 2512K, committed 2688K, reserved 1048576K
}
Event: 12.731 GC heap before
{Heap before GC invocations=9 (full 0):
 garbage-first heap   total reserved 1533952K, committed 43008K, used 34383K [0x00000000a2600000, 0x0000000100000000)
  region size 1024K, 24 young (24576K), 4 survivors (4096K)
 Metaspace       used 25949K, committed 26368K, reserved 1114112K
  class space    used 2625K, committed 2816K, reserved 1048576K
}
Event: 12.740 GC heap after
{Heap after GC invocations=10 (full 0):
 garbage-first heap   total reserved 1533952K, committed 63488K, used 15249K [0x00000000a2600000, 0x0000000100000000)
  region size 1024K, 2 young (2048K), 2 survivors (2048K)
 Metaspace       used 25949K, committed 26368K, reserved 1114112K
  class space    used 2625K, committed 2816K, reserved 1048576K
}
Event: 916.851 GC heap before
{Heap before GC invocations=10 (full 0):
 garbage-first heap   total reserved 1533952K, committed 63488K, used 51089K [0x00000000a2600000, 0x0000000100000000)
  region size 1024K, 37 young (37888K), 2 survivors (2048K)
 Metaspace       used 29684K, committed 30144K, reserved 1114112K
  class space    used 3131K, committed 3328K, reserved 1048576K
}
Event: 916.902 GC heap after
{Heap after GC invocations=11 (full 0):
 garbage-first heap   total reserved 1533952K, committed 63488K, used 17035K [0x00000000a2600000, 0x0000000100000000)
  region size 1024K, 4 young (4096K), 4 survivors (4096K)
 Metaspace       used 29684K, committed 30144K, reserved 1114112K
  class space    used 3131K, committed 3328K, reserved 1048576K
}
Event: 5293.198 GC heap before
{Heap before GC invocations=11 (full 0):
 garbage-first heap   total reserved 1533952K, committed 63488K, used 50827K [0x00000000a2600000, 0x0000000100000000)
  region size 1024K, 37 young (37888K), 4 survivors (4096K)
 Metaspace       used 30226K, committed 30720K, reserved 1114112K
  class space    used 3143K, committed 3392K, reserved 1048576K
}
Event: 5293.295 GC heap after
{Heap after GC invocations=12 (full 0):
 garbage-first heap   total reserved 1533952K, committed 63488K, used 16992K [0x00000000a2600000, 0x0000000100000000)
  region size 1024K, 2 young (2048K), 2 survivors (2048K)
 Metaspace       used 30226K, committed 30720K, reserved 1114112K
  class space    used 3143K, committed 3392K, reserved 1048576K
}

